#
# There is insufficient memory for the Java Runtime Environment to continue.
# Native memory allocation (malloc) failed to allocate 621456 bytes for Chunk::new
# Possible reasons:
#   The system is out of physical RAM or swap space
#   In 32 bit mode, the process size limit was hit
# Possible solutions:
#   Reduce memory load on the system
#   Increase physical memory or swap space
#   Check if swap backing store is full
#   Use 64 bit Java on a 64 bit OS
#   Decrease Java heap size (-Xmx/-Xms)
#   Decrease number of Java threads
#   Decrease Java thread stack sizes (-Xss)
#   Set larger code cache with -XX:ReservedCodeCacheSize=
# This output file may be truncated or incomplete.
#
#  Out of Memory Error (allocation.cpp:390), pid=5740, tid=0x0000000000001078
#
# JRE version: Java(TM) SE Runtime Environment (8.0_101-b13) (build 1.8.0_101-b13)
# Java VM: Java HotSpot(TM) 64-Bit Server VM (25.101-b13 mixed mode windows-amd64 compressed oops)
# Failed to write core dump. Minidumps are not enabled by default on client versions of Windows
#

---------------  T H R E A D  ---------------

Current thread (0x0000000014514000):  JavaThread "C2 CompilerThread0" daemon [_thread_in_native, id=4216, stack(0x0000000015600000,0x0000000015700000)]

Stack: [0x0000000015600000,0x0000000015700000]
[error occurred during error reporting (printing stack bounds), id 0xc0000005]

Native frames: (J=compiled Java code, j=interpreted, Vv=VM code, C=native code)


Current CompileTask:
C2:  31295 1621       4       com.android.dx.ssa.SsaMethod::forEachBlockDepthFirstDom (128 bytes)


---------------  P R O C E S S  ---------------

Java Threads: ( => current thread )
  0x0000000014581800 JavaThread "Service Thread" daemon [_thread_blocked, id=5304, stack(0x0000000015800000,0x0000000015900000)]
  0x0000000014572800 JavaThread "C1 CompilerThread1" daemon [_thread_blocked, id=84, stack(0x0000000015700000,0x0000000015800000)]
=>0x0000000014514000 JavaThread "C2 CompilerThread0" daemon [_thread_in_native, id=4216, stack(0x0000000015600000,0x0000000015700000)]
  0x0000000014513800 JavaThread "Attach Listener" daemon [_thread_blocked, id=4480, stack(0x0000000015500000,0x0000000015600000)]
  0x0000000014520800 JavaThread "Signal Dispatcher" daemon [_thread_blocked, id=4124, stack(0x0000000015400000,0x0000000015500000)]
  0x0000000014508800 JavaThread "Finalizer" daemon [_thread_blocked, id=1908, stack(0x0000000015150000,0x0000000015250000)]
  0x000000000207b800 JavaThread "Reference Handler" daemon [_thread_blocked, id=2356, stack(0x0000000015050000,0x0000000015150000)]
  0x0000000001f90800 JavaThread "main" [_thread_in_Java, id=5856, stack(0x0000000001de0000,0x0000000001ee0000)]

Other Threads:
  0x00000000144e6000 VMThread [stack: 0x0000000014f50000,0x0000000015050000] [id=1376]
  0x0000000014586000 WatcherThread [stack: 0x0000000015900000,0x0000000015a00000] [id=3972]

VM state:not at safepoint (normal execution)

VM Mutex/Monitor currently owned by a thread: None

Heap:
 PSYoungGen      total 18432K, used 10405K [0x00000000eab00000, 0x00000000ebe00000, 0x0000000100000000)
  eden space 17408K, 54% used [0x00000000eab00000,0x00000000eb431748,0x00000000ebc00000)
  from space 1024K, 96% used [0x00000000ebd00000,0x00000000ebdf8010,0x00000000ebe00000)
  to   space 1024K, 0% used [0x00000000ebc00000,0x00000000ebc00000,0x00000000ebd00000)
 ParOldGen       total 22016K, used 12019K [0x00000000c0000000, 0x00000000c1580000, 0x00000000eab00000)
  object space 22016K, 54% used [0x00000000c0000000,0x00000000c0bbcee0,0x00000000c1580000)
 Metaspace       used 5971K, capacity 7088K, committed 7296K, reserved 1056768K
  class space    used 568K, capacity 616K, committed 640K, reserved 1048576K

Card table byte_map: [0x0000000011450000,0x0000000011660000] byte_map_base: 0x0000000010e50000

Marking Bits: (ParMarkBitMap*) 0x0000000077c6a6d0
 Begin Bits: [0x00000000119c0000, 0x00000000129c0000)
 End Bits:   [0x00000000129c0000, 0x00000000139c0000)

Polling page: 0x0000000000530000

CodeCache: size=245760Kb used=7356Kb max_used=7356Kb free=238403Kb
 bounds [0x0000000002090000, 0x00000000027d0000, 0x0000000011090000]
 total_blobs=1890 nmethods=1626 adapters=178
 compilation: enabled

Compilation events (10 events):
Event: 31.177 Thread 0x0000000014572800 1626       3       com.android.dx.dex.cf.OptimizerOptions::loadOptimizeLists (52 bytes)
Event: 31.177 Thread 0x0000000014572800 nmethod 1626 0x000000000279e790 code [0x000000000279e920, 0x000000000279ed08]
Event: 31.177 Thread 0x0000000014572800 1627       3       com.android.dx.dex.file.ClassDefItem::<init> (110 bytes)
Event: 31.179 Thread 0x0000000014572800 nmethod 1627 0x00000000027a1350 code [0x00000000027a1560, 0x00000000027a1f88]
Event: 31.179 Thread 0x0000000014572800 1628   !   3       com.android.dx.dex.cf.AttributeTranslator::getClassAnnotations (135 bytes)
Event: 31.184 Thread 0x0000000014572800 nmethod 1628 0x00000000027afa50 code [0x00000000027afee0, 0x00000000027b2be8]
Event: 31.185 Thread 0x0000000014572800 1629   !   3       com.android.dx.dex.cf.CfTranslator::processFields (251 bytes)
Event: 31.191 Thread 0x0000000014572800 nmethod 1629 0x00000000027b4750 code [0x00000000027b4c60, 0x00000000027b8068]
Event: 31.193 Thread 0x0000000014572800 1630   !   3       com.android.dx.dex.cf.CfTranslator::processMethods (583 bytes)
Event: 31.206 Thread 0x0000000014572800 nmethod 1630 0x00000000027ba650 code [0x00000000027bade0, 0x00000000027c0b88]

GC Heap History (10 events):
Event: 19.581 GC heap before
{Heap before GC invocations=2 (full 0):
 PSYoungGen      total 9728K, used 9719K [0x00000000eab00000, 0x00000000eb580000, 0x0000000100000000)
  eden space 8704K, 100% used [0x00000000eab00000,0x00000000eb380000,0x00000000eb380000)
  from space 1024K, 99% used [0x00000000eb380000,0x00000000eb47dc60,0x00000000eb480000)
  to   space 1024K, 0% used [0x00000000eb480000,0x00000000eb480000,0x00000000eb580000)
 ParOldGen       total 22016K, used 1953K [0x00000000c0000000, 0x00000000c1580000, 0x00000000eab00000)
  object space 22016K, 8% used [0x00000000c0000000,0x00000000c01e86d0,0x00000000c1580000)
 Metaspace       used 5716K, capacity 6896K, committed 7040K, reserved 1056768K
  class space    used 566K, capacity 616K, committed 640K, reserved 1048576K
Event: 19.593 GC heap after
Heap after GC invocations=2 (full 0):
 PSYoungGen      total 9728K, used 999K [0x00000000eab00000, 0x00000000eb580000, 0x0000000100000000)
  eden space 8704K, 0% used [0x00000000eab00000,0x00000000eab00000,0x00000000eb380000)
  from space 1024K, 97% used [0x00000000eb480000,0x00000000eb579c50,0x00000000eb580000)
  to   space 1024K, 0% used [0x00000000eb380000,0x00000000eb380000,0x00000000eb480000)
 ParOldGen       total 22016K, used 3405K [0x00000000c0000000, 0x00000000c1580000, 0x00000000eab00000)
  object space 22016K, 15% used [0x00000000c0000000,0x00000000c0353670,0x00000000c1580000)
 Metaspace       used 5716K, capacity 6896K, committed 7040K, reserved 1056768K
  class space    used 566K, capacity 616K, committed 640K, reserved 1048576K
}
Event: 21.233 GC heap before
{Heap before GC invocations=3 (full 0):
 PSYoungGen      total 9728K, used 9703K [0x00000000eab00000, 0x00000000eb580000, 0x0000000100000000)
  eden space 8704K, 100% used [0x00000000eab00000,0x00000000eb380000,0x00000000eb380000)
  from space 1024K, 97% used [0x00000000eb480000,0x00000000eb579c50,0x00000000eb580000)
  to   space 1024K, 0% used [0x00000000eb380000,0x00000000eb380000,0x00000000eb480000)
 ParOldGen       total 22016K, used 3405K [0x00000000c0000000, 0x00000000c1580000, 0x00000000eab00000)
  object space 22016K, 15% used [0x00000000c0000000,0x00000000c0353670,0x00000000c1580000)
 Metaspace       used 5846K, capacity 7024K, committed 7296K, reserved 1056768K
  class space    used 567K, capacity 616K, committed 640K, reserved 1048576K
Event: 21.306 GC heap after
Heap after GC invocations=3 (full 0):
 PSYoungGen      total 9728K, used 992K [0x00000000eab00000, 0x00000000ebe00000, 0x0000000100000000)
  eden space 8704K, 0% used [0x00000000eab00000,0x00000000eab00000,0x00000000eb380000)
  from space 1024K, 96% used [0x00000000eb380000,0x00000000eb478010,0x00000000eb480000)
  to   space 1024K, 0% used [0x00000000ebd00000,0x00000000ebd00000,0x00000000ebe00000)
 ParOldGen       total 22016K, used 4848K [0x00000000c0000000, 0x00000000c1580000, 0x00000000eab00000)
  object space 22016K, 22% used [0x00000000c0000000,0x00000000c04bc198,0x00000000c1580000)
 Metaspace       used 5846K, capacity 7024K, committed 7296K, reserved 1056768K
  class space    used 567K, capacity 616K, committed 640K, reserved 1048576K
}
Event: 25.991 GC heap before
{Heap before GC invocations=4 (full 0):
 PSYoungGen      total 9728K, used 9696K [0x00000000eab00000, 0x00000000ebe00000, 0x0000000100000000)
  eden space 8704K, 100% used [0x00000000eab00000,0x00000000eb380000,0x00000000eb380000)
  from space 1024K, 96% used [0x00000000eb380000,0x00000000eb478010,0x00000000eb480000)
  to   space 1024K, 0% used [0x00000000ebd00000,0x00000000ebd00000,0x00000000ebe00000)
 ParOldGen       total 22016K, used 4848K [0x00000000c0000000, 0x00000000c1580000, 0x00000000eab00000)
  object space 22016K, 22% used [0x00000000c0000000,0x00000000c04bc198,0x00000000c1580000)
 Metaspace       used 5877K, capacity 7024K, committed 7296K, reserved 1056768K
  class space    used 567K, capacity 616K, committed 640K, reserved 1048576K
Event: 26.066 GC heap after
Heap after GC invocations=4 (full 0):
 PSYoungGen      total 18432K, used 992K [0x00000000eab00000, 0x00000000ebe00000, 0x0000000100000000)
  eden space 17408K, 0% used [0x00000000eab00000,0x00000000eab00000,0x00000000ebc00000)
  from space 1024K, 96% used [0x00000000ebd00000,0x00000000ebdf8010,0x00000000ebe00000)
  to   space 1024K, 0% used [0x00000000ebc00000,0x00000000ebc00000,0x00000000ebd00000)
 ParOldGen       total 22016K, used 6258K [0x00000000c0000000, 0x00000000c1580000, 0x00000000eab00000)
  object space 22016K, 28% used [0x00000000c0000000,0x00000000c061c8a8,0x00000000c1580000)
 Metaspace       used 5877K, capacity 7024K, committed 7296K, reserved 1056768K
  class space    used 567K, capacity 616K, committed 640K, reserved 1048576K
}
Event: 29.894 GC heap before
{Heap before GC invocations=5 (full 0):
 PSYoungGen      total 18432K, used 18400K [0x00000000eab00000, 0x00000000ebe00000, 0x0000000100000000)
  eden space 17408K, 100% used [0x00000000eab00000,0x00000000ebc00000,0x00000000ebc00000)
  from space 1024K, 96% used [0x00000000ebd00000,0x00000000ebdf8010,0x00000000ebe00000)
  to   space 1024K, 0% used [0x00000000ebc00000,0x00000000ebc00000,0x00000000ebd00000)
 ParOldGen       total 22016K, used 6258K [0x00000000c0000000, 0x00000000c1580000, 0x00000000eab00000)
  object space 22016K, 28% used [0x00000000c0000000,0x00000000c061c8a8,0x00000000c1580000)
 Metaspace       used 5933K, capacity 7088K, committed 7296K, reserved 1056768K
  class space    used 568K, capacity 616K, committed 640K, reserved 1048576K
Event: 29.953 GC heap after
Heap after GC invocations=5 (full 0):
 PSYoungGen      total 18432K, used 992K [0x00000000eab00000, 0x00000000ebe00000, 0x0000000100000000)
  eden space 17408K, 0% used [0x00000000eab00000,0x00000000eab00000,0x00000000ebc00000)
  from space 1024K, 96% used [0x00000000ebc00000,0x00000000ebcf8010,0x00000000ebd00000)
  to   space 1024K, 0% used [0x00000000ebd00000,0x00000000ebd00000,0x00000000ebe00000)
 ParOldGen       total 22016K, used 9091K [0x00000000c0000000, 0x00000000c1580000, 0x00000000eab00000)
  object space 22016K, 41% used [0x00000000c0000000,0x00000000c08e0c78,0x00000000c1580000)
 Metaspace       used 5933K, capacity 7088K, committed 7296K, reserved 1056768K
  class space    used 568K, capacity 616K, committed 640K, reserved 1048576K
}
Event: 30.862 GC heap before
{Heap before GC invocations=6 (full 0):
 PSYoungGen      total 18432K, used 18400K [0x00000000eab00000, 0x00000000ebe00000, 0x0000000100000000)
  eden space 17408K, 100% used [0x00000000eab00000,0x00000000ebc00000,0x00000000ebc00000)
  from space 1024K, 96% used [0x00000000ebc00000,0x00000000ebcf8010,0x00000000ebd00000)
  to   space 1024K, 0% used [0x00000000ebd00000,0x00000000ebd00000,0x00000000ebe00000)
 ParOldGen       total 22016K, used 9091K [0x00000000c0000000, 0x00000000c1580000, 0x00000000eab00000)
  object space 22016K, 41% used [0x00000000c0000000,0x00000000c08e0c78,0x00000000c1580000)
 Metaspace       used 5956K, capacity 7088K, committed 7296K, reserved 1056768K
  class space    used 568K, capacity 616K, committed 640K, reserved 1048576K
Event: 30.951 GC heap after
Heap after GC invocations=6 (full 0):
 PSYoungGen      total 18432K, used 992K [0x00000000eab00000, 0x00000000ebe00000, 0x0000000100000000)
  eden space 17408K, 0% used [0x00000000eab00000,0x00000000eab00000,0x00000000ebc00000)
  from space 1024K, 96% used [0x00000000ebd00000,0x00000000ebdf8010,0x00000000ebe00000)
  to   space 1024K, 0% used [0x00000000ebc00000,0x00000000ebc00000,0x00000000ebd00000)
 ParOldGen       total 22016K, used 12019K [0x00000000c0000000, 0x00000000c1580000, 0x00000000eab00000)
  object space 22016K, 54% used [0x00000000c0000000,0x00000000c0bbcee0,0x00000000c1580000)
 Metaspace       used 5956K, capacity 7088K, committed 7296K, reserved 1056768K
  class space    used 568K, capacity 616K, committed 640K, reserved 1048576K
}

Deoptimization events (10 events):
Event: 20.312 Thread 0x0000000001f90800 Uncommon trap: reason=unstable_if action=reinterpret pc=0x0000000002327cf0 method=java.util.BitSet.ensureCapacity(I)V @ 6
Event: 20.445 Thread 0x0000000001f90800 Uncommon trap: reason=null_check action=make_not_entrant pc=0x0000000002473820 method=com.android.dx.rop.type.Type.equals(Ljava/lang/Object;)Z @ 8
Event: 23.794 Thread 0x0000000001f90800 Uncommon trap: reason=unstable_if action=reinterpret pc=0x0000000002543e38 method=com.android.dx.rop.code.RegisterSpecSet.<init>(I)V @ 2
Event: 28.814 Thread 0x0000000001f90800 Uncommon trap: reason=unstable_if action=reinterpret pc=0x0000000002456adc method=com.android.dx.rop.cst.Constant.compareTo(Lcom/android/dx/rop/cst/Constant;)I @ 12
Event: 29.133 Thread 0x0000000001f90800 Uncommon trap: reason=unstable_if action=reinterpret pc=0x000000000266e254 method=com.android.dx.ssa.SsaRenamer$BlockRenamer.visitMoveInsn(Lcom/android/dx/ssa/NormalSsaInsn;)V @ 104
Event: 30.474 Thread 0x0000000001f90800 Uncommon trap: reason=bimorphic action=maybe_recompile pc=0x000000000265f514 method=com.android.dx.rop.code.RegisterSpec.withSimpleType()Lcom/android/dx/rop/code/RegisterSpec; @ 21
Event: 30.711 Thread 0x0000000001f90800 Uncommon trap: reason=class_check action=maybe_recompile pc=0x0000000002760310 method=com.android.dx.cf.code.RopperMachine.run(Lcom/android/dx/cf/code/Frame;II)V @ 988
Event: 30.713 Thread 0x0000000001f90800 Uncommon trap: reason=unstable_if action=reinterpret pc=0x0000000002692860 method=com.android.dx.ssa.SCCP.simulateBranch(Lcom/android/dx/ssa/SsaInsn;)V @ 64
Event: 30.720 Thread 0x0000000001f90800 Uncommon trap: reason=unloaded action=reinterpret pc=0x0000000002678b64 method=com.android.dx.ssa.LiteralOpUpgrader$1.visitNonMoveInsn(Lcom/android/dx/ssa/NormalSsaInsn;)V @ 72
Event: 30.721 Thread 0x0000000001f90800 Uncommon trap: reason=unstable_if action=reinterpret pc=0x000000000253601c method=com.android.dx.ssa.SsaMethod.updateOneDefinition(Lcom/android/dx/ssa/SsaInsn;Lcom/android/dx/rop/code/RegisterSpec;)V @ 4

Internal exceptions (3 events):
Event: 5.356 Thread 0x0000000001f90800 Exception <a 'java/lang/NoSuchMethodError': Method sun.misc.Unsafe.defineClass(Ljava/lang/String;[BII)Ljava/lang/Class; name or signature does not match> (0x00000000eab07cc0) thrown at [C:\re\workspace\8-2-build-windows-amd64-cygwin\jdk8u101\7261\hotspot\sR€b<
m@
Event: 5.356 Thread 0x0000000001f90800 Exception <a 'java/lang/NoSuchMethodError': Method sun.misc.Unsafe.prefetchRead(Ljava/lang/Object;J)V name or signature does not match> (0x00000000eab07fa8) thrown at [C:\re\workspace\8-2-build-windows-amd64-cygwin\jdk8u101\7261\hotspot\src\share\vm\prims\ŠÎF£Êq4@
Event: 20.444 Thread 0x0000000001f90800 Implicit null exception at 0x0000000002473722 to 0x0000000002473812

Events (10 events):
Event: 30.720 Thread 0x0000000001f90800 Uncommon trap: trap_request=0x0000004e fr.pc=0x0000000002678b64
Event: 30.720 loading class com/android/dx/rop/code/RegOps
Event: 30.720 loading class com/android/dx/rop/code/RegOps done
Event: 30.721 Thread 0x0000000001f90800 DEOPT PACKING pc=0x0000000002678b64 sp=0x0000000001edeac0
Event: 30.721 Thread 0x0000000001f90800 DEOPT UNPACKING pc=0x00000000020d582a sp=0x0000000001edea88 mode 2
Event: 30.721 Thread 0x0000000001f90800 Uncommon trap: trap_request=0xffffff65 fr.pc=0x000000000253601c
Event: 30.721 Thread 0x0000000001f90800 DEOPT PACKING pc=0x000000000253601c sp=0x0000000001ede900
Event: 30.721 Thread 0x0000000001f90800 DEOPT UNPACKING pc=0x00000000020d582a sp=0x0000000001ede8a8 mode 2
Event: 30.862 Executing VM operation: ParallelGCFailedAllocation
Event: 30.951 Executing VM operation: ParallelGCFailedAllocation done


Dynamic libraries:
0x00007ff65b340000 - 0x00007ff65b377000 	C:\Program Files\Java\jdk1.8.0_101\bin\java.exe
0x00007ffaa9350000 - 0x00007ffaa94fd000 	C:\Windows\SYSTEM32\ntdll.dll
0x00007ffaa7620000 - 0x00007ffaa775a000 	C:\Windows\system32\KERNEL32.DLL
0x00007ffaa6780000 - 0x00007ffaa6895000 	C:\Windows\system32\KERNELBASE.dll
0x00007ffaa50f0000 - 0x00007ffaa5178000 	C:\Windows\system32\apphelp.dll
0x00007ffa92ca0000 - 0x00007ffa92cef000 	C:\Windows\AppPatch\AppPatch64\AcGenral.DLL
0x00007ffaa7570000 - 0x00007ffaa7617000 	C:\Windows\system32\msvcrt.dll
0x00007ffaa68a0000 - 0x00007ffaa68cb000 	C:\Windows\system32\SspiCli.dll
0x00007ffaa78a0000 - 0x00007ffaa78f1000 	C:\Windows\system32\SHLWAPI.dll
0x00007ffaa91c0000 - 0x00007ffaa9337000 	C:\Windows\system32\USER32.dll
0x00007ffaa6a60000 - 0x00007ffaa6bf4000 	C:\Windows\system32\ole32.dll
0x00007ffaa7960000 - 0x00007ffaa8e8b000 	C:\Windows\system32\SHELL32.dll
0x00007ffaa5ad0000 - 0x00007ffaa5aef000 	C:\Windows\SYSTEM32\USERENV.dll
0x00007ffaa9110000 - 0x00007ffaa91ba000 	C:\Windows\system32\ADVAPI32.dll
0x00007ffaa51f0000 - 0x00007ffaa520b000 	C:\Windows\SYSTEM32\MPR.dll
0x00007ffaa7760000 - 0x00007ffaa78a0000 	C:\Windows\system32\RPCRT4.dll
0x00007ffaa7140000 - 0x00007ffaa7199000 	C:\Windows\SYSTEM32\sechost.dll
0x00007ffaa71a0000 - 0x00007ffaa73b1000 	C:\Windows\SYSTEM32\combase.dll
0x00007ffaa8e90000 - 0x00007ffaa8fdf000 	C:\Windows\system32\GDI32.dll
0x00007ffaa64d0000 - 0x00007ffaa64e4000 	C:\Windows\SYSTEM32\profapi.dll
0x00007ffaa4da0000 - 0x00007ffaa4e3f000 	C:\Windows\SYSTEM32\SHCORE.dll
0x00007ffaa6a20000 - 0x00007ffaa6a54000 	C:\Windows\system32\IMM32.DLL
0x00007ffaa6c60000 - 0x00007ffaa6db2000 	C:\Windows\system32\MSCTF.dll
0x00007ffaa2de0000 - 0x00007ffaa305a000 	C:\Windows\WinSxS\amd64_microsoft.windows.common-controls_6595b64144ccf1df_6.0.9600.17810_none_6240b9c7ecbd0bda\COMCTL32.dll
0x0000000076f20000 - 0x0000000076ff2000 	C:\Program Files\Java\jdk1.8.0_101\jre\bin\msvcr100.dll
0x0000000077450000 - 0x0000000077cea000 	C:\Program Files\Java\jdk1.8.0_101\jre\bin\server\jvm.dll
0x00007ffa83cb0000 - 0x00007ffa83cb9000 	C:\Windows\SYSTEM32\WSOCK32.dll
0x00007ffaa3180000 - 0x00007ffaa319f000 	C:\Windows\SYSTEM32\WINMM.dll
0x00007ffaa0a80000 - 0x00007ffaa0a8a000 	C:\Windows\SYSTEM32\VERSION.dll
0x00007ffaa7120000 - 0x00007ffaa7127000 	C:\Windows\system32\PSAPI.DLL
0x00007ffaa8fe0000 - 0x00007ffaa903a000 	C:\Windows\system32\WS2_32.dll
0x00007ffaa2470000 - 0x00007ffaa249a000 	C:\Windows\SYSTEM32\WINMMBASE.dll
0x00007ffaa6f30000 - 0x00007ffaa6f39000 	C:\Windows\system32\NSI.dll
0x00007ffaa68d0000 - 0x00007ffaa691a000 	C:\Windows\SYSTEM32\cfgmgr32.dll
0x00007ffaa5340000 - 0x00007ffaa5366000 	C:\Windows\SYSTEM32\DEVOBJ.dll
0x0000000050030000 - 0x000000005003f000 	C:\Program Files\Java\jdk1.8.0_101\jre\bin\verify.dll
0x0000000050000000 - 0x0000000050029000 	C:\Program Files\Java\jdk1.8.0_101\jre\bin\java.dll
0x0000000077350000 - 0x0000000077366000 	C:\Program Files\Java\jdk1.8.0_101\jre\bin\zip.dll

VM Arguments:
jvm_args: -Djava.awt.headless=true -Xmx1024M -Dfile.encoding=windows-1251 -Duser.country=RU -Duser.language=ru -Duser.variant 
java_command: com.android.dx.command.Main --dex --force-jumbo --output D:\AndroidApps\Game16-master\app\build\intermediates\pre-dexed\debug\internal_impl-22.2.0_ac8604179b5ed14fe47f4cf88b565a79dd8d9383.jar D:\AndroidApps\Game16-master\app\build\intermediates\exploded-aar\com.android.support\support-v4\22.2.0\jars\libs\internal_impl-22.2.0.jar
java_class_path (initial): C:\Android\sdk\build-tools\22.0.1\lib\dx.jar
Launcher Type: SUN_STANDARD

Environment Variables:
PATH=C:\ProgramData\Oracle\Java\javapath;C:\Windows\SYSTEM32;C:\Windows;C:\Windows\SYSTEM32\WBEM;C:\Windows\SYSTEM32\WINDOWSPOWERSHELL\V1.0\;;C:\PROGRAM FILES (X86)\ATI TECHNOLOGIES\ATI.ACE\CORE-STATIC;D:\WinPython-64bit-3.4.4.3Qt5\python-3.4.4.amd64\;D:\WinPython-64bit-3.4.4.3Qt5\python-3.4.4.amd64\Scripts\;
USERNAME=Êèðèëë
OS=Windows_NT
PROCESSOR_IDENTIFIER=Intel64 Family 6 Model 55 Stepping 8, GenuineIntel



---------------  S Y S T E M  ---------------

OS: Windows 8.1 , 64 bit Build 9600 (6.3.9600.17031)

CPU:total 2 (2 cores per cpu, 1 threads per core) family 6 model 55 stepping 8, cmov, cx8, fxsr, mmx, sse, sse2, sse3, ssse3, sse4.1, sse4.2, popcnt, clmul, erms, 3dnowpref, tsc, tscinvbit

Memory: 4k page, physical 1987384k(170464k free), swap 4137784k(153380k free)

vm_info: Java HotSpot(TM) 64-Bit Server VM (25.101-b13) for windows-amd64 JRE (1.8.0_101-b13), built on Jun 22 2016 01:21:29 by "java_re" with MS VC++ 10.0 (VS2010)

time: Mon Dec 05 21:53:46 2016
elapsed time: 31 seconds (0d 0h 0m 31s)

